<?xml version="1.0" encoding="UTF-8"?>
<!-- Generated by org.testng.reporters.JUnitReportReporter -->
<testsuite hostname="MSI" failures="0" tests="2" name="cucumberOptions.TestNGRunner_API" time="4.701" errors="0" timestamp="2023-11-22T18:44:39 IST" skipped="0">
  <testcase classname="cucumberOptions.TestNGRunner_API" name="runScenario" time="3.369"/>
  <testcase classname="cucumberOptions.TestNGRunner_API" name="runScenario" time="1.332"/>
</testsuite> <!-- cucumberOptions.TestNGRunner_API -->
