<?xml version="1.0" encoding="UTF-8"?>
<!-- Generated by org.testng.reporters.JUnitReportReporter -->
<testsuite hostname="MSI" failures="0" tests="2" name="cucumberOptions.TestNGRunner_API" time="4.982" errors="0" timestamp="2024-01-22T10:27:16 IST" skipped="0">
  <testcase classname="cucumberOptions.TestNGRunner_API" name="runScenario" time="3.527"/>
  <testcase classname="cucumberOptions.TestNGRunner_API" name="runScenario" time="1.455"/>
</testsuite> <!-- cucumberOptions.TestNGRunner_API -->
