<?xml version="1.0" encoding="UTF-8"?>
<!-- Generated by org.testng.reporters.JUnitReportReporter -->
<testsuite hostname="MSI" failures="0" tests="1" name="cucumberOptions.TestNGRunner" time="502.104" errors="0" timestamp="2024-02-19T09:44:21 IST" skipped="0">
  <testcase classname="cucumberOptions.TestNGRunner" name="runScenario" time="502.104"/>
</testsuite> <!-- cucumberOptions.TestNGRunner -->
